<?xml version="1.0" encoding="UTF-8"?>
<!-- Generated by org.testng.reporters.JUnitXMLReporter -->
<testsuite hostname="LAPTOP-M6F29H3O" ignored="0" name="Test" tests="2" failures="1" timestamp="23 Aug 2021 10:04:06 GMT" time="102.562" errors="0">
  <testcase name="validateAppTitle" time="0.175" classname="Academy.validateTitleTest">
    <failure type="java.lang.AssertionError" message="expected [FEATURED CO123URSES] but found [FEATURED COURSES]">
      <![CDATA[java.lang.AssertionError: expected [FEATURED CO123URSES] but found [FEATURED COURSES]
at Academy.validateTitleTest.validateAppTitle(validateTitleTest.java:51)
... Removed 31 stack frames]]>
    </failure>
  </testcase> <!-- validateAppTitle -->
  <testcase name="validateAppNavBar" time="0.267" classname="Academy.validateNavigationBar"/>
</testsuite> <!-- Test -->
