<?xml version="1.0" encoding="UTF-8"?>
<!-- Generated by org.testng.reporters.JUnitXMLReporter -->
<testsuite hostname="LAPTOP-F8VFH2TR" name="validateTest" tests="1" failures="1" timestamp="10 Aug 2022 06:44:26 GMT" time="6.63" errors="0">
  <testcase name="validateAppTitle" time="0.084" classname="Academy.validateTitleTest">
    <failure type="java.lang.AssertionError" message="expected [FEATURED CO123URSES] but found [FEATURED COURSES]">
      <![CDATA[java.lang.AssertionError: expected [FEATURED CO123URSES] but found [FEATURED COURSES]
	at Academy.validateTitleTest.validateAppTitle(validateTitleTest.java:38)
... Removed 29 stack frames]]>
    </failure>
  </testcase> <!-- validateAppTitle -->
</testsuite> <!-- validateTest -->
