<?xml version="1.0" encoding="UTF-8"?>
<!-- Generated by org.testng.reporters.JUnitXMLReporter -->
<testsuite hostname="LAPTOP-M6F29H3O" ignored="0" name="Validating title in the Page" tests="2" failures="2" timestamp="16 May 2021 05:50:43 GMT" time="9.631" errors="0">
  <testcase name="validateAppTitle" time="0.043" classname="Academy.validateTitleTest">
    <failure type="java.lang.AssertionError" message="expected [FEATURED CO123URSES] but found [FEATURED COURSES]">
      <![CDATA[java.lang.AssertionError: expected [FEATURED CO123URSES] but found [FEATURED COURSES]
at Academy.validateTitleTest.validateAppTitle(validateTitleTest.java:40)
... Removed 31 stack frames]]>
    </failure>
  </testcase> <!-- validateAppTitle -->
  <testcase name="validateAppTitle" time="0.054" classname="Academy.validateTitleTest">
    <failure type="java.lang.NullPointerException">
      <![CDATA[java.lang.NullPointerException
at resources.base.getScreenShotPath(base.java:66)
at Academy.Listener.onTestFailure(Listener.java:69)
... Removed 22 stack frames]]>
    </failure>
  </testcase> <!-- validateAppTitle -->
</testsuite> <!-- Validating title in the Page -->
