<?xml version="1.0" encoding="UTF-8"?>
<!-- Generated by org.testng.reporters.JUnitXMLReporter -->
<testsuite hostname="LAPTOP-M6F29H3O" ignored="0" name="Validating navigation Bar" tests="2" failures="1" timestamp="16 May 2021 05:53:32 GMT" time="8.299" errors="0">
  <testcase name="validateAppNavBar" time="0.078" classname="Academy.validateNavigationBar"/>
  <testcase name="validateAppNavBar" time="0.093" classname="Academy.validateNavigationBar">
    <failure type="java.lang.NullPointerException">
      <![CDATA[java.lang.NullPointerException
at resources.base.getScreenShotPath(base.java:66)
at Academy.Listener.onTestSuccess(Listener.java:48)
... Removed 22 stack frames]]>
    </failure>
  </testcase> <!-- validateAppNavBar -->
</testsuite> <!-- Validating navigation Bar -->
