<?xml version="1.0" encoding="UTF-8"?>
<testsuite xmlns:xsi="http://www.w3.org/2001/XMLSchema-instance" xsi:noNamespaceSchemaLocation="https://maven.apache.org/surefire/maven-surefire-plugin/xsd/surefire-test-report-3.0.xsd" version="3.0" name="TestSuite" time="1.191" tests="5" errors="0" skipped="4" failures="1">
  <properties>
[...]
</properties>
  <testcase name="BrowserSetUp" classname="Academy.FooterLinksTest" time="0.987">
    <failure message="org/openqa/selenium/remote/SessionNotFoundException" type="java.lang.NoClassDefFoundError">java.lang.NoClassDefFoundError: org/openqa/selenium/remote/SessionNotFoundException
	at Academy.FooterLinksTest.BrowserSetUp(FooterLinksTest.java:17)
Caused by: java.lang.ClassNotFoundException: org.openqa.selenium.remote.SessionNotFoundException
	at Academy.FooterLinksTest.BrowserSetUp(FooterLinksTest.java:17)
</failure>
    <system-out><![CDATA[chrome
]]></system-out>
    <system-err><![CDATA[SLF4J: Failed to load class "org.slf4j.impl.StaticLoggerBinder".
SLF4J: Defaulting to no-operation (NOP) logger implementation
SLF4J: See http://www.slf4j.org/codes.html#StaticLoggerBinder for further details.
]]></system-err>
  </testcase>
  <testcase name="initialize" classname="Academy.validateTitleTest" time="0">
    <skipped/>
  </testcase>
  <testcase name="footerLinksvalidation" classname="Academy.FooterLinksTest" time="0">
    <skipped message="org/openqa/selenium/remote/SessionNotFoundException"/>
  </testcase>
  <testcase name="validateAppTitle" classname="Academy.validateTitleTest" time="0">
    <skipped message="org/openqa/selenium/remote/SessionNotFoundException"/>
  </testcase>
  <testcase name="teardown" classname="Academy.validateTitleTest" time="0">
    <skipped/>
  </testcase>
</testsuite>