<?xml version="1.0" encoding="UTF-8"?>
<testng-results skipped="0" failed="0" total="1" passed="1">
  <reporter-output>
  </reporter-output>
  <suite name="Default suite" duration-ms="30551" started-at="2022-04-21T06:28:57Z" finished-at="2022-04-21T06:29:27Z">
    <groups>
    </groups>
    <test name="Default test" duration-ms="30551" started-at="2022-04-21T06:28:57Z" finished-at="2022-04-21T06:29:27Z">
      <class name="Academy.RSASignUpTest">
        <test-method status="PASS" signature="browserSetUp()[pri:0, instance:Academy.RSASignUpTest@34ce8af7]" name="browserSetUp" is-config="true" duration-ms="6124" started-at="2022-04-21T11:58:57Z" finished-at="2022-04-21T11:59:03Z">
          <reporter-output>
          </reporter-output>
        </test-method> <!-- browserSetUp -->
        <test-method status="PASS" signature="validateUserRegister()[pri:0, instance:Academy.RSASignUpTest@34ce8af7]" name="validateUserRegister" duration-ms="24416" started-at="2022-04-21T11:59:03Z" finished-at="2022-04-21T11:59:27Z">
          <reporter-output>
          </reporter-output>
        </test-method> <!-- validateUserRegister -->
      </class> <!-- Academy.RSASignUpTest -->
    </test> <!-- Default test -->
  </suite> <!-- Default suite -->
</testng-results>
