<?xml version="1.0" encoding="UTF-8"?>
<!-- Generated by org.testng.reporters.JUnitReportReporter -->
<testsuite hostname="LAPTOP-F8VFH2TR" failures="0" tests="2" name="RSAFunctionalTests.RSASignUpJson" time="0.000" errors="0" timestamp="2024-09-01T14:32:08 IST" skipped="2">
  <testcase classname="RSAFunctionalTests.RSASignUpJson" name="validateUserRegister" time="0.000">
    <skipped/>
  </testcase> <!-- validateUserRegister -->
  <testcase classname="RSAFunctionalTests.RSASignUpJson" name="validateUserRegister" time="0.000">
    <skipped/>
  </testcase> <!-- validateUserRegister -->
</testsuite> <!-- RSAFunctionalTests.RSASignUpJson -->
