<?xml version="1.0" encoding="UTF-8"?>
<!-- Generated by org.testng.reporters.JUnitReportReporter -->
<testsuite hostname="LAPTOP-F8VFH2TR" failures="0" tests="1" name="RSAFunctionalTests.validateNavigationBar" time="0.000" errors="0" timestamp="2024-09-01T14:32:08 IST" skipped="1">
  <testcase classname="RSAFunctionalTests.validateNavigationBar" name="validateAppNavBar" time="0.000">
    <skipped/>
  </testcase> <!-- validateAppNavBar -->
</testsuite> <!-- RSAFunctionalTests.validateNavigationBar -->
