<?xml version="1.0" encoding="UTF-8"?>
<!-- Generated by org.testng.reporters.JUnitXMLReporter -->
<testsuite ignored="0" hostname="LAPTOP-F8VFH2TR" failures="0" tests="7" name="Test" time="0.355" errors="0" timestamp="2024-09-01T14:32:07 IST">
  <testcase classname="RSAFunctionalTests.FooterLinksTest" name="@BeforeTest BrowserSetUp" time="0.028">
    <failure type="java.lang.NoClassDefFoundError" message="org/openqa/selenium/bidi/HasBiDi">
      <![CDATA[java.lang.NoClassDefFoundError: org/openqa/selenium/bidi/HasBiDi
at java.base/java.lang.ClassLoader.defineClass1(Native Method)
at java.base/java.lang.ClassLoader.defineClass(ClassLoader.java:1022)
at java.base/java.security.SecureClassLoader.defineClass(SecureClassLoader.java:174)
at java.base/jdk.internal.loader.BuiltinClassLoader.defineClass(BuiltinClassLoader.java:800)
at java.base/jdk.internal.loader.BuiltinClassLoader.findClassOnClassPathOrNull(BuiltinClassLoader.java:698)
at java.base/jdk.internal.loader.BuiltinClassLoader.loadClassOrNull(BuiltinClassLoader.java:621)
at java.base/jdk.internal.loader.BuiltinClassLoader.loadClass(BuiltinClassLoader.java:579)
at java.base/jdk.internal.loader.ClassLoaders$AppClassLoader.loadClass(ClassLoaders.java:178)
at java.base/java.lang.ClassLoader.loadClass(ClassLoader.java:527)
at java.base/java.lang.ClassLoader.defineClass1(Native Method)
at java.base/java.lang.ClassLoader.defineClass(ClassLoader.java:1022)
at java.base/java.security.SecureClassLoader.defineClass(SecureClassLoader.java:174)
at java.base/jdk.internal.loader.BuiltinClassLoader.defineClass(BuiltinClassLoader.java:800)
at java.base/jdk.internal.loader.BuiltinClassLoader.findClassOnClassPathOrNull(BuiltinClassLoader.java:698)
at java.base/jdk.internal.loader.BuiltinClassLoader.loadClassOrNull(BuiltinClassLoader.java:621)
at java.base/jdk.internal.loader.BuiltinClassLoader.loadClass(BuiltinClassLoader.java:579)
at java.base/jdk.internal.loader.ClassLoaders$AppClassLoader.loadClass(ClassLoaders.java:178)
at java.base/java.lang.ClassLoader.loadClass(ClassLoader.java:527)
at resources.base.initializeDriver(base.java:56)
at RSAFunctionalTests.FooterLinksTest.BrowserSetUp(FooterLinksTest.java:17)
Caused by: java.lang.ClassNotFoundException: org.openqa.selenium.bidi.HasBiDi
at java.base/jdk.internal.loader.BuiltinClassLoader.loadClass(BuiltinClassLoader.java:581)
at java.base/jdk.internal.loader.ClassLoaders$AppClassLoader.loadClass(ClassLoaders.java:178)
at java.base/java.lang.ClassLoader.loadClass(ClassLoader.java:527)
... 44 more
... Removed 24 stack frames]]>
    </failure>
  </testcase> <!-- @BeforeTest BrowserSetUp -->
  <testcase classname="RSAFunctionalTests.NavigateToLoginPage" name="@BeforeTest initialize" time="0.0">
    <skipped/>
  </testcase> <!-- @BeforeTest initialize -->
  <testcase classname="RSAFunctionalTests.RSASignUpJson" name="@BeforeTest browserSetUp" time="0.0">
    <skipped/>
  </testcase> <!-- @BeforeTest browserSetUp -->
  <testcase classname="RSAFunctionalTests.RSASignUpTest" name="@BeforeTest browserSetUp" time="0.0">
    <skipped/>
  </testcase> <!-- @BeforeTest browserSetUp -->
  <testcase classname="RSAFunctionalTests.validateNavigationBar" name="@BeforeTest initialize" time="0.0">
    <skipped/>
  </testcase> <!-- @BeforeTest initialize -->
  <testcase classname="RSAFunctionalTests.validateTitleTest" name="@BeforeTest initialize" time="0.0">
    <skipped/>
  </testcase> <!-- @BeforeTest initialize -->
  <testcase classname="RSAFunctionalTests.NavigateToLoginPage" name="@AfterTest teardown" time="0.0">
    <skipped/>
  </testcase> <!-- @AfterTest teardown -->
  <testcase classname="RSAFunctionalTests.RSASignUpJson" name="@AfterTest quitBrowser" time="0.0">
    <skipped/>
  </testcase> <!-- @AfterTest quitBrowser -->
  <testcase classname="RSAFunctionalTests.RSASignUpTest" name="@AfterTest quitBrowser" time="0.0">
    <skipped/>
  </testcase> <!-- @AfterTest quitBrowser -->
  <testcase classname="RSAFunctionalTests.validateNavigationBar" name="@AfterTest teardown" time="0.0">
    <skipped/>
  </testcase> <!-- @AfterTest teardown -->
  <testcase classname="RSAFunctionalTests.validateTitleTest" name="@AfterTest teardown" time="0.0">
    <skipped/>
  </testcase> <!-- @AfterTest teardown -->
  <testcase classname="RSAFunctionalTests.FooterLinksTest" name="footerLinksvalidation" time="0.0">
    <skipped/>
  </testcase> <!-- footerLinksvalidation -->
  <testcase classname="RSAFunctionalTests.RSASignUpTest" name="validateUserRegister" time="0.0">
    <skipped/>
  </testcase> <!-- validateUserRegister -->
  <testcase classname="RSAFunctionalTests.validateTitleTest" name="validateAppTitle" time="0.0">
    <skipped/>
  </testcase> <!-- validateAppTitle -->
  <testcase classname="RSAFunctionalTests.NavigateToLoginPage" name="validateAppNavBar" time="0.0">
    <skipped/>
  </testcase> <!-- validateAppNavBar -->
  <testcase classname="RSAFunctionalTests.RSASignUpJson" name="validateUserRegister" time="0.0">
    <skipped/>
  </testcase> <!-- validateUserRegister -->
  <testcase classname="RSAFunctionalTests.RSASignUpJson" name="validateUserRegister" time="0.0">
    <skipped/>
  </testcase> <!-- validateUserRegister -->
  <testcase classname="RSAFunctionalTests.validateNavigationBar" name="validateAppNavBar" time="0.0">
    <skipped/>
  </testcase> <!-- validateAppNavBar -->
</testsuite> <!-- Test -->
